<?xml version="1.0" encoding="UTF-8"?>
<robot generator="Robot 5.0 (Python 3.7.5 on win32)" generated="20220516 13:12:37.627" rpa="false" schemaversion="3">
<suite id="s1" name="Title" source="c:\Users\eusou\qaninja\robot\web\title.robot">
<test id="s1-t1" name="Validate the title of the web page" line="5">
<kw name="Open Browser" library="SeleniumLibrary">
<arg>https://training-wheels-protocol.herokuapp.com/</arg>
<arg>chrome</arg>
<doc>Opens a new browser instance to the optional ``url``.</doc>
<msg timestamp="20220516 13:12:38.382" level="INFO">Opening browser 'chrome' to base url 'https://training-wheels-protocol.herokuapp.com/'.</msg>
<status status="PASS" starttime="20220516 13:12:38.382" endtime="20220516 13:12:42.272"/>
</kw>
<kw name="Title Should Be" library="SeleniumLibrary">
<arg>Training Wheels Protocol</arg>
<doc>Verifies that the current page title equals ``title``.</doc>
<msg timestamp="20220516 13:12:42.277" level="INFO">Page title is 'Training Wheels Protocol'.</msg>
<status status="PASS" starttime="20220516 13:12:42.272" endtime="20220516 13:12:42.277"/>
</kw>
<kw name="Close Browser" library="SeleniumLibrary">
<doc>Closes the current browser.</doc>
<status status="PASS" starttime="20220516 13:12:42.277" endtime="20220516 13:12:44.364"/>
</kw>
<status status="PASS" starttime="20220516 13:12:38.382" endtime="20220516 13:12:44.365"/>
</test>
<status status="PASS" starttime="20220516 13:12:37.634" endtime="20220516 13:12:44.366"/>
</suite>
<statistics>
<total>
<stat pass="1" fail="0" skip="0">All Tests</stat>
</total>
<tag>
</tag>
<suite>
<stat pass="1" fail="0" skip="0" id="s1" name="Title">Title</stat>
</suite>
</statistics>
<errors>
</errors>
</robot>
