<?xml version="1.0" encoding="UTF-8"?>
<robot generator="Robot 5.0 (Python 3.7.5 on win32)" generated="20220516 14:40:11.781" rpa="false" schemaversion="3">
<suite id="s1" name="Check" source="c:\Users\eusou\qaninja\robot\WebCheckbox\check.robot">
<test id="s1-t1" name="Testing multi-checkbox" line="8">
<kw name="Open Browser" library="SeleniumLibrary">
<arg>${url}</arg>
<arg>chrome</arg>
<doc>Opens a new browser instance to the optional ``url``.</doc>
<msg timestamp="20220516 14:40:12.206" level="INFO">Opening browser 'chrome' to base url 'https://training-wheels-protocol.herokuapp.com'.</msg>
<status status="PASS" starttime="20220516 14:40:12.205" endtime="20220516 14:40:16.227"/>
</kw>
<kw name="Go To" library="SeleniumLibrary">
<arg>${url}/checkboxes</arg>
<doc>Navigates the current browser window to the provided ``url``.</doc>
<msg timestamp="20220516 14:40:16.228" level="INFO">Opening url 'https://training-wheels-protocol.herokuapp.com/checkboxes'</msg>
<status status="PASS" starttime="20220516 14:40:16.227" endtime="20220516 14:40:16.422"/>
</kw>
<kw name="Select Checkbox" library="SeleniumLibrary">
<arg>id:thor</arg>
<doc>Selects the checkbox identified by ``locator``.</doc>
<msg timestamp="20220516 14:40:16.423" level="INFO">Selecting checkbox 'id:thor'.</msg>
<status status="PASS" starttime="20220516 14:40:16.422" endtime="20220516 14:40:16.475"/>
</kw>
<kw name="Checkbox Should Be Selected" library="SeleniumLibrary">
<arg>id:thor</arg>
<doc>Verifies checkbox ``locator`` is selected/checked.</doc>
<msg timestamp="20220516 14:40:16.476" level="INFO">Verifying checkbox 'id:thor' is selected.</msg>
<status status="PASS" starttime="20220516 14:40:16.476" endtime="20220516 14:40:16.491"/>
</kw>
<kw name="Sleep" library="BuiltIn">
<arg>5</arg>
<doc>Pauses the test executed for the given time.</doc>
<msg timestamp="20220516 14:40:21.494" level="INFO">Slept 5 seconds</msg>
<status status="PASS" starttime="20220516 14:40:16.491" endtime="20220516 14:40:21.494"/>
</kw>
<kw name="Close Browser" library="SeleniumLibrary">
<doc>Closes the current browser.</doc>
<status status="PASS" starttime="20220516 14:40:21.495" endtime="20220516 14:40:23.604"/>
</kw>
<status status="PASS" starttime="20220516 14:40:12.205" endtime="20220516 14:40:23.605"/>
</test>
<status status="PASS" starttime="20220516 14:40:11.782" endtime="20220516 14:40:23.606"/>
</suite>
<statistics>
<total>
<stat pass="1" fail="0" skip="0">All Tests</stat>
</total>
<tag>
</tag>
<suite>
<stat pass="1" fail="0" skip="0" id="s1" name="Check">Check</stat>
</suite>
</statistics>
<errors>
</errors>
</robot>
