<?xml version="1.0" encoding="UTF-8"?>
<robot generator="Robot 5.0 (Python 3.7.5 on win32)" generated="20220524 19:39:51.383" rpa="false" schemaversion="3">
<suite id="s1" name="Tables" source="c:\Users\eusou\qaninja\robot\Ganchos\tables.robot">
<test id="s1-t1" name="verifica o valor ao informar o numero da linha" line="8">
<kw name="New Session" library="base" type="SETUP">
<kw name="Open Browser" library="SeleniumLibrary">
<arg>${url}</arg>
<arg>chrome</arg>
<doc>Opens a new browser instance to the optional ``url``.</doc>
<msg timestamp="20220524 19:39:52.101" level="INFO">Opening browser 'chrome' to base url 'https://training-wheels-protocol.herokuapp.com'.</msg>
<status status="PASS" starttime="20220524 19:39:52.099" endtime="20220524 19:39:56.283"/>
</kw>
<status status="PASS" starttime="20220524 19:39:52.098" endtime="20220524 19:39:56.284"/>
</kw>
<kw name="Go To" library="SeleniumLibrary">
<arg>${url}/tables</arg>
<doc>Navigates the current browser window to the provided ``url``.</doc>
<msg timestamp="20220524 19:39:56.285" level="INFO">Opening url 'https://training-wheels-protocol.herokuapp.com/tables'</msg>
<status status="PASS" starttime="20220524 19:39:56.285" endtime="20220524 19:39:56.707"/>
</kw>
<kw name="Table Row Should Contain" library="SeleniumLibrary">
<arg>id:actors</arg>
<arg>1</arg>
<arg>$ 10.000.000</arg>
<doc>Verifies that table row contains text ``expected``.</doc>
<status status="PASS" starttime="20220524 19:39:56.708" endtime="20220524 19:39:56.760"/>
</kw>
<kw name="Sleep" library="BuiltIn">
<arg>5</arg>
<doc>Pauses the test executed for the given time.</doc>
<msg timestamp="20220524 19:40:01.763" level="INFO">Slept 5 seconds</msg>
<status status="PASS" starttime="20220524 19:39:56.761" endtime="20220524 19:40:01.764"/>
</kw>
<kw name="Close Session" library="base" type="TEARDOWN">
<kw name="Capture Page Screenshot" library="SeleniumLibrary">
<doc>Takes a screenshot of the current page and embeds it into a log file.</doc>
<msg timestamp="20220524 19:40:01.901" level="INFO" html="true">&lt;/td&gt;&lt;/tr&gt;&lt;tr&gt;&lt;td colspan="3"&gt;&lt;a href="selenium-screenshot-17.png"&gt;&lt;img src="selenium-screenshot-17.png" width="800px"&gt;&lt;/a&gt;</msg>
<status status="PASS" starttime="20220524 19:40:01.767" endtime="20220524 19:40:01.901"/>
</kw>
<kw name="Close Browser" library="SeleniumLibrary">
<doc>Closes the current browser.</doc>
<status status="PASS" starttime="20220524 19:40:01.902" endtime="20220524 19:40:04.049"/>
</kw>
<status status="PASS" starttime="20220524 19:40:01.765" endtime="20220524 19:40:04.050"/>
</kw>
<status status="PASS" starttime="20220524 19:39:52.095" endtime="20220524 19:40:04.051"/>
</test>
<test id="s1-t2" name="verifica o valor ao informar o numero da linha com falha pois na linha 1 nao tem vindiesel, vindiesel esta na linha 2" line="13">
<kw name="New Session" library="base" type="SETUP">
<kw name="Open Browser" library="SeleniumLibrary">
<arg>${url}</arg>
<arg>chrome</arg>
<doc>Opens a new browser instance to the optional ``url``.</doc>
<msg timestamp="20220524 19:40:04.060" level="INFO">Opening browser 'chrome' to base url 'https://training-wheels-protocol.herokuapp.com'.</msg>
<status status="PASS" starttime="20220524 19:40:04.059" endtime="20220524 19:40:07.663"/>
</kw>
<status status="PASS" starttime="20220524 19:40:04.057" endtime="20220524 19:40:07.664"/>
</kw>
<kw name="Go To" library="SeleniumLibrary">
<arg>${url}/tables</arg>
<doc>Navigates the current browser window to the provided ``url``.</doc>
<msg timestamp="20220524 19:40:07.666" level="INFO">Opening url 'https://training-wheels-protocol.herokuapp.com/tables'</msg>
<status status="PASS" starttime="20220524 19:40:07.665" endtime="20220524 19:40:07.969"/>
</kw>
<kw name="Table Row Should Contain" library="SeleniumLibrary">
<arg>id:actors</arg>
<arg>1</arg>
<arg>@vindiesel</arg>
<doc>Verifies that table row contains text ``expected``.</doc>
<kw name="Capture Page Screenshot" library="SeleniumLibrary">
<doc>Takes a screenshot of the current page and embeds it into a log file.</doc>
<msg timestamp="20220524 19:40:08.171" level="INFO" html="true">&lt;/td&gt;&lt;/tr&gt;&lt;tr&gt;&lt;td colspan="3"&gt;&lt;a href="selenium-screenshot-18.png"&gt;&lt;img src="selenium-screenshot-18.png" width="800px"&gt;&lt;/a&gt;</msg>
<status status="PASS" starttime="20220524 19:40:08.027" endtime="20220524 19:40:08.172"/>
</kw>
<msg timestamp="20220524 19:40:08.173" level="FAIL">Table 'id:actors' row 1 did not contain text '@vindiesel'.</msg>
<status status="FAIL" starttime="20220524 19:40:07.970" endtime="20220524 19:40:25.779"/>
</kw>
<kw name="Sleep" library="BuiltIn">
<arg>5</arg>
<doc>Pauses the test executed for the given time.</doc>
<status status="NOT RUN" starttime="20220524 19:40:25.781" endtime="20220524 19:40:25.781"/>
</kw>
<kw name="Close Session" library="base" type="TEARDOWN">
<kw name="Capture Page Screenshot" library="SeleniumLibrary">
<doc>Takes a screenshot of the current page and embeds it into a log file.</doc>
<msg timestamp="20220524 19:40:25.964" level="INFO" html="true">&lt;/td&gt;&lt;/tr&gt;&lt;tr&gt;&lt;td colspan="3"&gt;&lt;a href="selenium-screenshot-19.png"&gt;&lt;img src="selenium-screenshot-19.png" width="800px"&gt;&lt;/a&gt;</msg>
<status status="PASS" starttime="20220524 19:40:25.784" endtime="20220524 19:40:25.965"/>
</kw>
<kw name="Close Browser" library="SeleniumLibrary">
<doc>Closes the current browser.</doc>
<status status="PASS" starttime="20220524 19:40:25.965" endtime="20220524 19:40:28.061"/>
</kw>
<status status="PASS" starttime="20220524 19:40:25.783" endtime="20220524 19:40:28.062"/>
</kw>
<status status="FAIL" starttime="20220524 19:40:04.053" endtime="20220524 19:40:28.063">Table 'id:actors' row 1 did not contain text '@vindiesel'.</status>
</test>
<test id="s1-t3" name="Descobre a linha pelo texto chave e valida os demais valores" line="18">
<kw name="New Session" library="base" type="SETUP">
<kw name="Open Browser" library="SeleniumLibrary">
<arg>${url}</arg>
<arg>chrome</arg>
<doc>Opens a new browser instance to the optional ``url``.</doc>
<msg timestamp="20220524 19:40:28.071" level="INFO">Opening browser 'chrome' to base url 'https://training-wheels-protocol.herokuapp.com'.</msg>
<status status="PASS" starttime="20220524 19:40:28.070" endtime="20220524 19:40:31.568"/>
</kw>
<status status="PASS" starttime="20220524 19:40:28.069" endtime="20220524 19:40:31.569"/>
</kw>
<kw name="Go To" library="SeleniumLibrary">
<arg>${url}/tables</arg>
<doc>Navigates the current browser window to the provided ``url``.</doc>
<msg timestamp="20220524 19:40:31.571" level="INFO">Opening url 'https://training-wheels-protocol.herokuapp.com/tables'</msg>
<status status="PASS" starttime="20220524 19:40:31.570" endtime="20220524 19:40:31.894"/>
</kw>
<kw name="Get WebElement" library="SeleniumLibrary">
<arg>//*[@id="actors"]/tbody/tr[1]/td[5]</arg>
<doc>Returns the first WebElement matching the given ``locator``.</doc>
<status status="PASS" starttime="20220524 19:40:31.895" endtime="20220524 19:40:31.906"/>
</kw>
<kw name="Sleep" library="BuiltIn">
<arg>5</arg>
<doc>Pauses the test executed for the given time.</doc>
<msg timestamp="20220524 19:40:36.918" level="INFO">Slept 5 seconds</msg>
<status status="PASS" starttime="20220524 19:40:31.907" endtime="20220524 19:40:36.918"/>
</kw>
<kw name="Close Session" library="base" type="TEARDOWN">
<kw name="Capture Page Screenshot" library="SeleniumLibrary">
<doc>Takes a screenshot of the current page and embeds it into a log file.</doc>
<msg timestamp="20220524 19:40:37.053" level="INFO" html="true">&lt;/td&gt;&lt;/tr&gt;&lt;tr&gt;&lt;td colspan="3"&gt;&lt;a href="selenium-screenshot-20.png"&gt;&lt;img src="selenium-screenshot-20.png" width="800px"&gt;&lt;/a&gt;</msg>
<status status="PASS" starttime="20220524 19:40:36.921" endtime="20220524 19:40:37.054"/>
</kw>
<kw name="Close Browser" library="SeleniumLibrary">
<doc>Closes the current browser.</doc>
<status status="PASS" starttime="20220524 19:40:37.054" endtime="20220524 19:40:39.194"/>
</kw>
<status status="PASS" starttime="20220524 19:40:36.920" endtime="20220524 19:40:39.195"/>
</kw>
<status status="PASS" starttime="20220524 19:40:28.066" endtime="20220524 19:40:39.195"/>
</test>
<status status="FAIL" starttime="20220524 19:39:51.390" endtime="20220524 19:40:39.198"/>
</suite>
<statistics>
<total>
<stat pass="2" fail="1" skip="0">All Tests</stat>
</total>
<tag>
</tag>
<suite>
<stat pass="2" fail="1" skip="0" id="s1" name="Tables">Tables</stat>
</suite>
</statistics>
<errors>
</errors>
</robot>
