<?xml version="1.0" encoding="UTF-8"?>
<robot generator="Robot 5.0 (Python 3.7.5 on win32)" generated="20220516 17:43:11.591" rpa="false" schemaversion="3">
<suite id="s1" name="Checkid" source="c:\Users\eusou\qaninja\robot\WebCheckbox\checkid.robot">
<test id="s1-t1" name="Testing multi-checkbox" line="12">
<kw name="Open Browser" library="SeleniumLibrary">
<arg>${url}</arg>
<arg>chrome</arg>
<doc>Opens a new browser instance to the optional ``url``.</doc>
<msg timestamp="20220516 17:43:12.250" level="INFO">Opening browser 'chrome' to base url 'https://training-wheels-protocol.herokuapp.com'.</msg>
<status status="PASS" starttime="20220516 17:43:12.249" endtime="20220516 17:43:15.642"/>
</kw>
<kw name="Go To" library="SeleniumLibrary">
<arg>${url}/checkboxes</arg>
<doc>Navigates the current browser window to the provided ``url``.</doc>
<msg timestamp="20220516 17:43:15.645" level="INFO">Opening url 'https://training-wheels-protocol.herokuapp.com/checkboxes'</msg>
<status status="PASS" starttime="20220516 17:43:15.644" endtime="20220516 17:43:15.844"/>
</kw>
<kw name="Select Checkbox" library="SeleniumLibrary">
<arg>${checkthor}</arg>
<doc>Selects the checkbox identified by ``locator``.</doc>
<msg timestamp="20220516 17:43:15.847" level="INFO">Selecting checkbox 'id:thor'.</msg>
<status status="PASS" starttime="20220516 17:43:15.845" endtime="20220516 17:43:15.903"/>
</kw>
<kw name="Checkbox Should Be Selected" library="SeleniumLibrary">
<arg>${checkthor}</arg>
<doc>Verifies checkbox ``locator`` is selected/checked.</doc>
<msg timestamp="20220516 17:43:15.905" level="INFO">Verifying checkbox 'id:thor' is selected.</msg>
<status status="PASS" starttime="20220516 17:43:15.904" endtime="20220516 17:43:15.921"/>
</kw>
<kw name="Sleep" library="BuiltIn">
<arg>5</arg>
<doc>Pauses the test executed for the given time.</doc>
<msg timestamp="20220516 17:43:20.925" level="INFO">Slept 5 seconds</msg>
<status status="PASS" starttime="20220516 17:43:15.922" endtime="20220516 17:43:20.925"/>
</kw>
<kw name="Close Browser" library="SeleniumLibrary">
<doc>Closes the current browser.</doc>
<status status="PASS" starttime="20220516 17:43:20.925" endtime="20220516 17:43:23.057"/>
</kw>
<status status="PASS" starttime="20220516 17:43:12.247" endtime="20220516 17:43:23.057"/>
</test>
<test id="s1-t2" name="Testing checkbox com CSS Selector" line="20">
<kw name="Open Browser" library="SeleniumLibrary">
<arg>${url}</arg>
<arg>chrome</arg>
<doc>Opens a new browser instance to the optional ``url``.</doc>
<msg timestamp="20220516 17:43:23.066" level="INFO">Opening browser 'chrome' to base url 'https://training-wheels-protocol.herokuapp.com'.</msg>
<status status="PASS" starttime="20220516 17:43:23.065" endtime="20220516 17:43:27.066"/>
</kw>
<kw name="Go To" library="SeleniumLibrary">
<arg>${url}/checkboxes</arg>
<doc>Navigates the current browser window to the provided ``url``.</doc>
<msg timestamp="20220516 17:43:27.068" level="INFO">Opening url 'https://training-wheels-protocol.herokuapp.com/checkboxes'</msg>
<status status="PASS" starttime="20220516 17:43:27.067" endtime="20220516 17:43:27.246"/>
</kw>
<kw name="Select Checkbox" library="SeleniumLibrary">
<arg>${checkiron}</arg>
<doc>Selects the checkbox identified by ``locator``.</doc>
<msg timestamp="20220516 17:43:27.248" level="INFO">Selecting checkbox 'css:input[value='iron-man']'.</msg>
<status status="PASS" starttime="20220516 17:43:27.247" endtime="20220516 17:43:27.306"/>
</kw>
<kw name="Checkbox Should Be Selected" library="SeleniumLibrary">
<arg>${checkiron}</arg>
<doc>Verifies checkbox ``locator`` is selected/checked.</doc>
<msg timestamp="20220516 17:43:27.308" level="INFO">Verifying checkbox 'css:input[value='iron-man']' is selected.</msg>
<status status="PASS" starttime="20220516 17:43:27.306" endtime="20220516 17:43:27.324"/>
</kw>
<kw name="Sleep" library="BuiltIn">
<arg>5</arg>
<doc>Pauses the test executed for the given time.</doc>
<msg timestamp="20220516 17:43:32.341" level="INFO">Slept 5 seconds</msg>
<status status="PASS" starttime="20220516 17:43:27.325" endtime="20220516 17:43:32.341"/>
</kw>
<kw name="Close Browser" library="SeleniumLibrary">
<doc>Closes the current browser.</doc>
<status status="PASS" starttime="20220516 17:43:32.341" endtime="20220516 17:43:34.458"/>
</kw>
<status status="PASS" starttime="20220516 17:43:23.063" endtime="20220516 17:43:34.458"/>
</test>
<test id="s1-t3" name="Testing checkbox com Xpath" line="28">
<kw name="Open Browser" library="SeleniumLibrary">
<arg>${url}</arg>
<arg>chrome</arg>
<doc>Opens a new browser instance to the optional ``url``.</doc>
<msg timestamp="20220516 17:43:34.465" level="INFO">Opening browser 'chrome' to base url 'https://training-wheels-protocol.herokuapp.com'.</msg>
<status status="PASS" starttime="20220516 17:43:34.464" endtime="20220516 17:43:37.711"/>
</kw>
<kw name="Go To" library="SeleniumLibrary">
<arg>${url}/checkboxes</arg>
<doc>Navigates the current browser window to the provided ``url``.</doc>
<msg timestamp="20220516 17:43:37.713" level="INFO">Opening url 'https://training-wheels-protocol.herokuapp.com/checkboxes'</msg>
<status status="PASS" starttime="20220516 17:43:37.712" endtime="20220516 17:43:37.891"/>
</kw>
<kw name="Select Checkbox" library="SeleniumLibrary">
<arg>${checkpanther}</arg>
<doc>Selects the checkbox identified by ``locator``.</doc>
<msg timestamp="20220516 17:43:37.894" level="INFO">Selecting checkbox 'xpath://*[@id='checkboxes']/input[7]'.</msg>
<status status="PASS" starttime="20220516 17:43:37.892" endtime="20220516 17:43:37.946"/>
</kw>
<kw name="Checkbox Should Be Selected" library="SeleniumLibrary">
<arg>${checkpanther}</arg>
<doc>Verifies checkbox ``locator`` is selected/checked.</doc>
<msg timestamp="20220516 17:43:37.948" level="INFO">Verifying checkbox 'xpath://*[@id='checkboxes']/input[7]' is selected.</msg>
<status status="PASS" starttime="20220516 17:43:37.947" endtime="20220516 17:43:37.966"/>
</kw>
<kw name="Sleep" library="BuiltIn">
<arg>5</arg>
<doc>Pauses the test executed for the given time.</doc>
<msg timestamp="20220516 17:43:42.971" level="INFO">Slept 5 seconds</msg>
<status status="PASS" starttime="20220516 17:43:37.967" endtime="20220516 17:43:42.971"/>
</kw>
<kw name="Close Browser" library="SeleniumLibrary">
<doc>Closes the current browser.</doc>
<status status="PASS" starttime="20220516 17:43:42.971" endtime="20220516 17:43:45.073"/>
</kw>
<tag>ironman</tag>
<status status="PASS" starttime="20220516 17:43:34.462" endtime="20220516 17:43:45.075"/>
</test>
<status status="PASS" starttime="20220516 17:43:11.596" endtime="20220516 17:43:45.078"/>
</suite>
<statistics>
<total>
<stat pass="3" fail="0" skip="0">All Tests</stat>
</total>
<tag>
<stat pass="1" fail="0" skip="0">ironman</stat>
</tag>
<suite>
<stat pass="3" fail="0" skip="0" id="s1" name="Checkid">Checkid</stat>
</suite>
</statistics>
<errors>
</errors>
</robot>
