<?xml version="1.0" encoding="UTF-8"?>
<robot generator="Robot 5.0 (Python 3.7.5 on win32)" generated="20220525 11:55:07.458" rpa="false" schemaversion="3">
<suite id="s1" name="Tables" source="c:\Users\eusou\qaninja\robot\Ganchos\tables.robot">
<test id="s1-t1" name="verifica o valor ao informar o numero da linha" line="8">
<kw name="New Session" library="base" type="SETUP">
<kw name="Open Browser" library="SeleniumLibrary">
<arg>${url}</arg>
<arg>chrome</arg>
<doc>Opens a new browser instance to the optional ``url``.</doc>
<msg timestamp="20220525 11:55:08.156" level="INFO">Opening browser 'chrome' to base url 'https://training-wheels-protocol.herokuapp.com'.</msg>
<status status="PASS" starttime="20220525 11:55:08.155" endtime="20220525 11:55:12.440"/>
</kw>
<status status="PASS" starttime="20220525 11:55:08.154" endtime="20220525 11:55:12.441"/>
</kw>
<kw name="Go To" library="SeleniumLibrary">
<arg>${url}/tables</arg>
<doc>Navigates the current browser window to the provided ``url``.</doc>
<msg timestamp="20220525 11:55:12.443" level="INFO">Opening url 'https://training-wheels-protocol.herokuapp.com/tables'</msg>
<status status="PASS" starttime="20220525 11:55:12.442" endtime="20220525 11:55:12.842"/>
</kw>
<kw name="Table Row Should Contain" library="SeleniumLibrary">
<arg>id:actors</arg>
<arg>1</arg>
<arg>$ 10.000.000</arg>
<doc>Verifies that table row contains text ``expected``.</doc>
<status status="PASS" starttime="20220525 11:55:12.843" endtime="20220525 11:55:12.898"/>
</kw>
<kw name="Sleep" library="BuiltIn">
<arg>5</arg>
<doc>Pauses the test executed for the given time.</doc>
<msg timestamp="20220525 11:55:17.909" level="INFO">Slept 5 seconds</msg>
<status status="PASS" starttime="20220525 11:55:12.899" endtime="20220525 11:55:17.910"/>
</kw>
<kw name="Close Session" library="base" type="TEARDOWN">
<kw name="Capture Page Screenshot" library="SeleniumLibrary">
<doc>Takes a screenshot of the current page and embeds it into a log file.</doc>
<msg timestamp="20220525 11:55:18.042" level="INFO" html="true">&lt;/td&gt;&lt;/tr&gt;&lt;tr&gt;&lt;td colspan="3"&gt;&lt;a href="selenium-screenshot-11.png"&gt;&lt;img src="selenium-screenshot-11.png" width="800px"&gt;&lt;/a&gt;</msg>
<status status="PASS" starttime="20220525 11:55:17.913" endtime="20220525 11:55:18.042"/>
</kw>
<kw name="Close Browser" library="SeleniumLibrary">
<doc>Closes the current browser.</doc>
<status status="PASS" starttime="20220525 11:55:18.043" endtime="20220525 11:55:20.186"/>
</kw>
<status status="PASS" starttime="20220525 11:55:17.912" endtime="20220525 11:55:20.187"/>
</kw>
<status status="PASS" starttime="20220525 11:55:08.151" endtime="20220525 11:55:20.188"/>
</test>
<test id="s1-t2" name="verifica o valor ao informar o numero da linha com falha pois na linha 1 nao tem vindiesel, vindiesel esta na linha 2" line="13">
<kw name="New Session" library="base" type="SETUP">
<kw name="Open Browser" library="SeleniumLibrary">
<arg>${url}</arg>
<arg>chrome</arg>
<doc>Opens a new browser instance to the optional ``url``.</doc>
<msg timestamp="20220525 11:55:20.197" level="INFO">Opening browser 'chrome' to base url 'https://training-wheels-protocol.herokuapp.com'.</msg>
<status status="PASS" starttime="20220525 11:55:20.196" endtime="20220525 11:55:23.670"/>
</kw>
<status status="PASS" starttime="20220525 11:55:20.195" endtime="20220525 11:55:23.671"/>
</kw>
<kw name="Go To" library="SeleniumLibrary">
<arg>${url}/tables</arg>
<doc>Navigates the current browser window to the provided ``url``.</doc>
<msg timestamp="20220525 11:55:23.673" level="INFO">Opening url 'https://training-wheels-protocol.herokuapp.com/tables'</msg>
<status status="PASS" starttime="20220525 11:55:23.672" endtime="20220525 11:55:23.973"/>
</kw>
<kw name="Table Row Should Contain" library="SeleniumLibrary">
<arg>id:actors</arg>
<arg>1</arg>
<arg>@vindiesel</arg>
<doc>Verifies that table row contains text ``expected``.</doc>
<kw name="Capture Page Screenshot" library="SeleniumLibrary">
<doc>Takes a screenshot of the current page and embeds it into a log file.</doc>
<msg timestamp="20220525 11:55:24.174" level="INFO" html="true">&lt;/td&gt;&lt;/tr&gt;&lt;tr&gt;&lt;td colspan="3"&gt;&lt;a href="selenium-screenshot-12.png"&gt;&lt;img src="selenium-screenshot-12.png" width="800px"&gt;&lt;/a&gt;</msg>
<status status="PASS" starttime="20220525 11:55:24.027" endtime="20220525 11:55:24.174"/>
</kw>
<msg timestamp="20220525 11:55:24.176" level="FAIL">Table 'id:actors' row 1 did not contain text '@vindiesel'.</msg>
<status status="FAIL" starttime="20220525 11:55:23.974" endtime="20220525 11:55:33.237"/>
</kw>
<kw name="Sleep" library="BuiltIn">
<arg>5</arg>
<doc>Pauses the test executed for the given time.</doc>
<status status="NOT RUN" starttime="20220525 11:55:33.239" endtime="20220525 11:55:33.239"/>
</kw>
<kw name="Close Session" library="base" type="TEARDOWN">
<kw name="Capture Page Screenshot" library="SeleniumLibrary">
<doc>Takes a screenshot of the current page and embeds it into a log file.</doc>
<msg timestamp="20220525 11:55:33.405" level="INFO" html="true">&lt;/td&gt;&lt;/tr&gt;&lt;tr&gt;&lt;td colspan="3"&gt;&lt;a href="selenium-screenshot-13.png"&gt;&lt;img src="selenium-screenshot-13.png" width="800px"&gt;&lt;/a&gt;</msg>
<status status="PASS" starttime="20220525 11:55:33.242" endtime="20220525 11:55:33.405"/>
</kw>
<kw name="Close Browser" library="SeleniumLibrary">
<doc>Closes the current browser.</doc>
<status status="PASS" starttime="20220525 11:55:33.406" endtime="20220525 11:55:35.490"/>
</kw>
<status status="PASS" starttime="20220525 11:55:33.241" endtime="20220525 11:55:35.491"/>
</kw>
<status status="FAIL" starttime="20220525 11:55:20.190" endtime="20220525 11:55:35.492">Table 'id:actors' row 1 did not contain text '@vindiesel'.</status>
</test>
<test id="s1-t3" name="Descobre a linha pelo texto chave e valida os demais valores" line="18">
<kw name="New Session" library="base" type="SETUP">
<kw name="Open Browser" library="SeleniumLibrary">
<arg>${url}</arg>
<arg>chrome</arg>
<doc>Opens a new browser instance to the optional ``url``.</doc>
<msg timestamp="20220525 11:55:35.500" level="INFO">Opening browser 'chrome' to base url 'https://training-wheels-protocol.herokuapp.com'.</msg>
<status status="PASS" starttime="20220525 11:55:35.499" endtime="20220525 11:55:38.703"/>
</kw>
<status status="PASS" starttime="20220525 11:55:35.498" endtime="20220525 11:55:38.704"/>
</kw>
<kw name="Go To" library="SeleniumLibrary">
<arg>${url}/tables</arg>
<doc>Navigates the current browser window to the provided ``url``.</doc>
<msg timestamp="20220525 11:55:38.706" level="INFO">Opening url 'https://training-wheels-protocol.herokuapp.com/tables'</msg>
<status status="PASS" starttime="20220525 11:55:38.705" endtime="20220525 11:55:39.128"/>
</kw>
<kw name="Get WebElement" library="SeleniumLibrary">
<var>${target}</var>
<arg>xpath://*[@id="actors"]/tbody/tr[4]</arg>
<doc>Returns the first WebElement matching the given ``locator``.</doc>
<msg timestamp="20220525 11:55:39.143" level="INFO">${target} = &lt;selenium.webdriver.remote.webelement.WebElement (session="4044e5e6d5efa2c58d24fd2062cd89ad", element="4dbdc80b-9356-4d58-bd8f-1aee6ab3ff22")&gt;</msg>
<status status="PASS" starttime="20220525 11:55:39.130" endtime="20220525 11:55:39.143"/>
</kw>
<kw name="Log" library="BuiltIn">
<arg>${target.text}</arg>
<doc>Logs the given message with the given level.</doc>
<msg timestamp="20220525 11:55:39.159" level="INFO">Chadwick Boseman Pantera Negra Vingadores $ 700.000 @chadwickboseman edit delete</msg>
<status status="PASS" starttime="20220525 11:55:39.145" endtime="20220525 11:55:39.159"/>
</kw>
<kw name="Log To Console" library="BuiltIn">
<arg>${target.text}</arg>
<doc>Logs the given message to the console.</doc>
<status status="PASS" starttime="20220525 11:55:39.160" endtime="20220525 11:55:39.169"/>
</kw>
<kw name="Should Contain" library="BuiltIn">
<arg>${target.text}</arg>
<arg>$ 700.000</arg>
<doc>Fails if ``container`` does not contain ``item`` one or more times.</doc>
<status status="PASS" starttime="20220525 11:55:39.170" endtime="20220525 11:55:39.178"/>
</kw>
<kw name="Should Contain" library="BuiltIn">
<arg>${target.text}</arg>
<arg>Pantera Negra</arg>
<doc>Fails if ``container`` does not contain ``item`` one or more times.</doc>
<status status="PASS" starttime="20220525 11:55:39.179" endtime="20220525 11:55:39.187"/>
</kw>
<kw name="Sleep" library="BuiltIn">
<arg>5</arg>
<doc>Pauses the test executed for the given time.</doc>
<msg timestamp="20220525 11:55:44.191" level="INFO">Slept 5 seconds</msg>
<status status="PASS" starttime="20220525 11:55:39.188" endtime="20220525 11:55:44.192"/>
</kw>
<kw name="Close Session" library="base" type="TEARDOWN">
<kw name="Capture Page Screenshot" library="SeleniumLibrary">
<doc>Takes a screenshot of the current page and embeds it into a log file.</doc>
<msg timestamp="20220525 11:55:44.324" level="INFO" html="true">&lt;/td&gt;&lt;/tr&gt;&lt;tr&gt;&lt;td colspan="3"&gt;&lt;a href="selenium-screenshot-14.png"&gt;&lt;img src="selenium-screenshot-14.png" width="800px"&gt;&lt;/a&gt;</msg>
<status status="PASS" starttime="20220525 11:55:44.195" endtime="20220525 11:55:44.324"/>
</kw>
<kw name="Close Browser" library="SeleniumLibrary">
<doc>Closes the current browser.</doc>
<status status="PASS" starttime="20220525 11:55:44.324" endtime="20220525 11:55:46.449"/>
</kw>
<status status="PASS" starttime="20220525 11:55:44.193" endtime="20220525 11:55:46.450"/>
</kw>
<status status="PASS" starttime="20220525 11:55:35.495" endtime="20220525 11:55:46.451"/>
</test>
<status status="FAIL" starttime="20220525 11:55:07.463" endtime="20220525 11:55:46.454"/>
</suite>
<statistics>
<total>
<stat pass="2" fail="1" skip="0">All Tests</stat>
</total>
<tag>
</tag>
<suite>
<stat pass="2" fail="1" skip="0" id="s1" name="Tables">Tables</stat>
</suite>
</statistics>
<errors>
</errors>
</robot>
