<?xml version="1.0" encoding="UTF-8"?>
<robot generator="Robot 5.0 (Python 3.7.5 on win32)" generated="20220525 12:44:54.337" rpa="false" schemaversion="3">
<suite id="s1" name="Login" source="c:\Users\eusou\qaninja\robot\Ganchos\login.robot">
<test id="s1-t1" name="open form login sussec" line="8">
<kw name="New Session" library="base" type="SETUP">
<kw name="Open Browser" library="SeleniumLibrary">
<arg>${url}</arg>
<arg>chrome</arg>
<doc>Opens a new browser instance to the optional ``url``.</doc>
<msg timestamp="20220525 12:44:54.758" level="INFO">Opening browser 'chrome' to base url 'https://training-wheels-protocol.herokuapp.com'.</msg>
<status status="PASS" starttime="20220525 12:44:54.758" endtime="20220525 12:44:58.762"/>
</kw>
<status status="PASS" starttime="20220525 12:44:54.757" endtime="20220525 12:44:58.762"/>
</kw>
<kw name="Go To" library="SeleniumLibrary">
<arg>${url}/login</arg>
<doc>Navigates the current browser window to the provided ``url``.</doc>
<msg timestamp="20220525 12:44:58.763" level="INFO">Opening url 'https://training-wheels-protocol.herokuapp.com/login'</msg>
<status status="PASS" starttime="20220525 12:44:58.763" endtime="20220525 12:44:59.303"/>
</kw>
<kw name="Input Text" library="SeleniumLibrary">
<arg>css:input#userId</arg>
<arg>stark</arg>
<doc>Types the given ``text`` into the text field identified by ``locator``.</doc>
<msg timestamp="20220525 12:44:59.304" level="INFO">Typing text 'stark' into text field 'css:input#userId'.</msg>
<status status="PASS" starttime="20220525 12:44:59.304" endtime="20220525 12:44:59.354"/>
</kw>
<kw name="Input Text" library="SeleniumLibrary">
<arg>css:input#passId</arg>
<arg>jarvis!</arg>
<doc>Types the given ``text`` into the text field identified by ``locator``.</doc>
<msg timestamp="20220525 12:44:59.355" level="INFO">Typing text 'jarvis!' into text field 'css:input#passId'.</msg>
<status status="PASS" starttime="20220525 12:44:59.355" endtime="20220525 12:44:59.405"/>
</kw>
<kw name="Click Element" library="SeleniumLibrary">
<arg>class:btn-login</arg>
<doc>Click the element identified by ``locator``.</doc>
<msg timestamp="20220525 12:44:59.406" level="INFO">Clicking element 'class:btn-login'.</msg>
<status status="PASS" starttime="20220525 12:44:59.405" endtime="20220525 12:44:59.742"/>
</kw>
<kw name="Page Should Contain" library="SeleniumLibrary">
<arg>Olá, Tony Stark. Você acessou a área logada!</arg>
<doc>Verifies that current page contains ``text``.</doc>
<msg timestamp="20220525 12:44:59.756" level="INFO">Current page contains text 'Olá, Tony Stark. Você acessou a área logada!'.</msg>
<status status="PASS" starttime="20220525 12:44:59.743" endtime="20220525 12:44:59.756"/>
</kw>
<kw name="Close Session" library="base" type="TEARDOWN">
<kw name="Capture Page Screenshot" library="SeleniumLibrary">
<doc>Takes a screenshot of the current page and embeds it into a log file.</doc>
<msg timestamp="20220525 12:44:59.937" level="INFO" html="true">&lt;/td&gt;&lt;/tr&gt;&lt;tr&gt;&lt;td colspan="3"&gt;&lt;a href="selenium-screenshot-2.png"&gt;&lt;img src="selenium-screenshot-2.png" width="800px"&gt;&lt;/a&gt;</msg>
<status status="PASS" starttime="20220525 12:44:59.757" endtime="20220525 12:44:59.937"/>
</kw>
<kw name="Close Browser" library="SeleniumLibrary">
<doc>Closes the current browser.</doc>
<status status="PASS" starttime="20220525 12:44:59.937" endtime="20220525 12:45:02.072"/>
</kw>
<status status="PASS" starttime="20220525 12:44:59.756" endtime="20220525 12:45:02.072"/>
</kw>
<status status="PASS" starttime="20220525 12:44:54.756" endtime="20220525 12:45:02.073"/>
</test>
<status status="PASS" starttime="20220525 12:44:54.339" endtime="20220525 12:45:02.075"/>
</suite>
<statistics>
<total>
<stat pass="1" fail="0" skip="0">All Tests</stat>
</total>
<tag>
</tag>
<suite>
<stat pass="1" fail="0" skip="0" id="s1" name="Login">Login</stat>
</suite>
</statistics>
<errors>
</errors>
</robot>
