<?xml version="1.0" encoding="UTF-8"?>
<robot generator="Robot 5.0 (Python 3.7.5 on win32)" generated="20220517 17:25:41.768" rpa="false" schemaversion="3">
<suite id="s1" name="Ganchos" source="c:\Users\eusou\qaninja\robot\Ganchos\ganchos.robot">
<test id="s1-t1" name="Validade CSS" line="17">
<kw name="Open Browser" library="SeleniumLibrary">
<arg>https://training-wheels-protocol.herokuapp.com/checkboxes</arg>
<arg>chrome</arg>
<doc>Opens a new browser instance to the optional ``url``.</doc>
<msg timestamp="20220517 17:25:42.247" level="INFO">Opening browser 'chrome' to base url 'https://training-wheels-protocol.herokuapp.com/checkboxes'.</msg>
<status status="PASS" starttime="20220517 17:25:42.246" endtime="20220517 17:25:45.903"/>
</kw>
<kw name="Select Checkbox" library="SeleniumLibrary">
<arg>css: #checkboxes &gt; input[type=checkbox]:nth-child(3)</arg>
<doc>Selects the checkbox identified by ``locator``.</doc>
<msg timestamp="20220517 17:25:45.905" level="INFO">Selecting checkbox 'css: #checkboxes &gt; input[type=checkbox]:nth-child(3)'.</msg>
<status status="PASS" starttime="20220517 17:25:45.904" endtime="20220517 17:25:45.955"/>
</kw>
<kw name="Checkbox Should Be Selected" library="SeleniumLibrary">
<arg>css: #checkboxes &gt; input[type=checkbox]:nth-child(3)</arg>
<doc>Verifies checkbox ``locator`` is selected/checked.</doc>
<msg timestamp="20220517 17:25:45.956" level="INFO">Verifying checkbox 'css: #checkboxes &gt; input[type=checkbox]:nth-child(3)' is selected.</msg>
<status status="PASS" starttime="20220517 17:25:45.956" endtime="20220517 17:25:45.975"/>
</kw>
<kw name="Sleep" library="BuiltIn">
<arg>5</arg>
<doc>Pauses the test executed for the given time.</doc>
<msg timestamp="20220517 17:25:50.982" level="INFO">Slept 5 seconds</msg>
<status status="PASS" starttime="20220517 17:25:45.976" endtime="20220517 17:25:50.983"/>
</kw>
<kw name="Close Browser" library="SeleniumLibrary">
<doc>Closes the current browser.</doc>
<status status="PASS" starttime="20220517 17:25:50.984" endtime="20220517 17:25:53.085"/>
</kw>
<status status="PASS" starttime="20220517 17:25:42.245" endtime="20220517 17:25:53.086"/>
</test>
<status status="PASS" starttime="20220517 17:25:41.776" endtime="20220517 17:25:53.088"/>
</suite>
<statistics>
<total>
<stat pass="1" fail="0" skip="0">All Tests</stat>
</total>
<tag>
</tag>
<suite>
<stat pass="1" fail="0" skip="0" id="s1" name="Ganchos">Ganchos</stat>
</suite>
</statistics>
<errors>
</errors>
</robot>
