<?xml version="1.0" encoding="UTF-8"?>
<robot generator="Robot 5.0 (Python 3.7.5 on win32)" generated="20220524 19:00:50.751" rpa="false" schemaversion="3">
<suite id="s1" name="Select" source="c:\Users\eusou\qaninja\robot\Ganchos\select.robot">
<test id="s1-t1" name="selection option using selection of text from list atraves da classe" line="8">
<kw name="New Session" library="base" type="SETUP">
<kw name="Open Browser" library="SeleniumLibrary">
<arg>${url}</arg>
<arg>chrome</arg>
<doc>Opens a new browser instance to the optional ``url``.</doc>
<msg timestamp="20220524 19:00:51.452" level="INFO">Opening browser 'chrome' to base url 'https://training-wheels-protocol.herokuapp.com'.</msg>
<status status="PASS" starttime="20220524 19:00:51.450" endtime="20220524 19:00:54.906"/>
</kw>
<status status="PASS" starttime="20220524 19:00:51.449" endtime="20220524 19:00:54.907"/>
</kw>
<kw name="Go To" library="SeleniumLibrary">
<arg>${url}/dropdown</arg>
<doc>Navigates the current browser window to the provided ``url``.</doc>
<msg timestamp="20220524 19:00:54.910" level="INFO">Opening url 'https://training-wheels-protocol.herokuapp.com/dropdown'</msg>
<status status="PASS" starttime="20220524 19:00:54.909" endtime="20220524 19:00:55.110"/>
</kw>
<kw name="Select From List By Label" library="SeleniumLibrary">
<arg>class:avenger-list</arg>
<arg>Scott Lang</arg>
<doc>Selects options from selection list ``locator`` by ``labels``.</doc>
<msg timestamp="20220524 19:00:55.112" level="INFO">Selecting options from selection list 'class:avenger-list' by label Scott Lang.</msg>
<status status="PASS" starttime="20220524 19:00:55.111" endtime="20220524 19:00:55.163"/>
</kw>
<kw name="Sleep" library="BuiltIn">
<arg>5s</arg>
<doc>Pauses the test executed for the given time.</doc>
<msg timestamp="20220524 19:01:00.168" level="INFO">Slept 5 seconds</msg>
<status status="PASS" starttime="20220524 19:00:55.164" endtime="20220524 19:01:00.169"/>
</kw>
<kw name="Close Session" library="base" type="TEARDOWN">
<kw name="Capture Page Screenshot" library="SeleniumLibrary">
<doc>Takes a screenshot of the current page and embeds it into a log file.</doc>
<msg timestamp="20220524 19:01:00.298" level="INFO" html="true">&lt;/td&gt;&lt;/tr&gt;&lt;tr&gt;&lt;td colspan="3"&gt;&lt;a href="selenium-screenshot-11.png"&gt;&lt;img src="selenium-screenshot-11.png" width="800px"&gt;&lt;/a&gt;</msg>
<status status="PASS" starttime="20220524 19:01:00.172" endtime="20220524 19:01:00.299"/>
</kw>
<kw name="Close Browser" library="SeleniumLibrary">
<doc>Closes the current browser.</doc>
<status status="PASS" starttime="20220524 19:01:00.299" endtime="20220524 19:01:02.453"/>
</kw>
<status status="PASS" starttime="20220524 19:01:00.171" endtime="20220524 19:01:02.454"/>
</kw>
<status status="PASS" starttime="20220524 19:00:51.445" endtime="20220524 19:01:02.455"/>
</test>
<test id="s1-t2" name="Selection option using value from list atraves do id" line="13">
<kw name="New Session" library="base" type="SETUP">
<kw name="Open Browser" library="SeleniumLibrary">
<arg>${url}</arg>
<arg>chrome</arg>
<doc>Opens a new browser instance to the optional ``url``.</doc>
<msg timestamp="20220524 19:01:02.462" level="INFO">Opening browser 'chrome' to base url 'https://training-wheels-protocol.herokuapp.com'.</msg>
<status status="PASS" starttime="20220524 19:01:02.461" endtime="20220524 19:01:05.736"/>
</kw>
<status status="PASS" starttime="20220524 19:01:02.460" endtime="20220524 19:01:05.737"/>
</kw>
<kw name="Go To" library="SeleniumLibrary">
<arg>${url}/dropdown</arg>
<doc>Navigates the current browser window to the provided ``url``.</doc>
<msg timestamp="20220524 19:01:05.740" level="INFO">Opening url 'https://training-wheels-protocol.herokuapp.com/dropdown'</msg>
<status status="PASS" starttime="20220524 19:01:05.739" endtime="20220524 19:01:05.942"/>
</kw>
<kw name="Select From List By Value" library="SeleniumLibrary">
<arg>id:dropdown</arg>
<arg>6</arg>
<doc>Selects options from selection list ``locator`` by ``values``.</doc>
<msg timestamp="20220524 19:01:05.944" level="INFO">Selecting options from selection list 'id:dropdown' by value 6.</msg>
<status status="PASS" starttime="20220524 19:01:05.943" endtime="20220524 19:01:05.992"/>
</kw>
<kw name="Sleep" library="BuiltIn">
<arg>5s</arg>
<doc>Pauses the test executed for the given time.</doc>
<msg timestamp="20220524 19:01:10.996" level="INFO">Slept 5 seconds</msg>
<status status="PASS" starttime="20220524 19:01:05.993" endtime="20220524 19:01:10.997"/>
</kw>
<kw name="Close Session" library="base" type="TEARDOWN">
<kw name="Capture Page Screenshot" library="SeleniumLibrary">
<doc>Takes a screenshot of the current page and embeds it into a log file.</doc>
<msg timestamp="20220524 19:01:11.129" level="INFO" html="true">&lt;/td&gt;&lt;/tr&gt;&lt;tr&gt;&lt;td colspan="3"&gt;&lt;a href="selenium-screenshot-12.png"&gt;&lt;img src="selenium-screenshot-12.png" width="800px"&gt;&lt;/a&gt;</msg>
<status status="PASS" starttime="20220524 19:01:11.000" endtime="20220524 19:01:11.130"/>
</kw>
<kw name="Close Browser" library="SeleniumLibrary">
<doc>Closes the current browser.</doc>
<status status="PASS" starttime="20220524 19:01:11.130" endtime="20220524 19:01:13.243"/>
</kw>
<status status="PASS" starttime="20220524 19:01:10.999" endtime="20220524 19:01:13.245"/>
</kw>
<status status="PASS" starttime="20220524 19:01:02.457" endtime="20220524 19:01:13.245"/>
</test>
<status status="PASS" starttime="20220524 19:00:50.755" endtime="20220524 19:01:13.248"/>
</suite>
<statistics>
<total>
<stat pass="2" fail="0" skip="0">All Tests</stat>
</total>
<tag>
</tag>
<suite>
<stat pass="2" fail="0" skip="0" id="s1" name="Select">Select</stat>
</suite>
</statistics>
<errors>
</errors>
</robot>
