<?xml version="1.0" encoding="UTF-8"?>
<robot generator="Robot 5.0 (Python 3.10.4 on win32)" generated="20220517 16:30:56.698" rpa="false" schemaversion="3">
<suite id="s1" name="Checkid" source="C:\Users\eusou\qaninja\robot\webcheckbox\checkid.robot">
<test id="s1-t1" name="Testing checkbox com Xpath" line="28">
<kw name="Open Browser" library="SeleniumLibrary">
<arg>${url}</arg>
<arg>chrome</arg>
<doc>Opens a new browser instance to the optional ``url``.</doc>
<msg timestamp="20220517 16:30:56.926" level="INFO">Opening browser 'chrome' to base url 'https://training-wheels-protocol.herokuapp.com'.</msg>
<status status="PASS" starttime="20220517 16:30:56.926" endtime="20220517 16:31:00.300"/>
</kw>
<kw name="Go To" library="SeleniumLibrary">
<arg>${url}/checkboxes</arg>
<doc>Navigates the current browser window to the provided ``url``.</doc>
<msg timestamp="20220517 16:31:00.302" level="INFO">Opening url 'https://training-wheels-protocol.herokuapp.com/checkboxes'</msg>
<status status="PASS" starttime="20220517 16:31:00.301" endtime="20220517 16:31:00.518"/>
</kw>
<kw name="Select Checkbox" library="SeleniumLibrary">
<arg>${checkpanther}</arg>
<doc>Selects the checkbox identified by ``locator``.</doc>
<msg timestamp="20220517 16:31:00.520" level="INFO">Selecting checkbox 'xpath://*[@id='checkboxes']/input[7]'.</msg>
<status status="PASS" starttime="20220517 16:31:00.519" endtime="20220517 16:31:00.576"/>
</kw>
<kw name="Checkbox Should Be Selected" library="SeleniumLibrary">
<arg>${checkpanther}</arg>
<doc>Verifies checkbox ``locator`` is selected/checked.</doc>
<msg timestamp="20220517 16:31:00.577" level="INFO">Verifying checkbox 'xpath://*[@id='checkboxes']/input[7]' is selected.</msg>
<status status="PASS" starttime="20220517 16:31:00.577" endtime="20220517 16:31:00.594"/>
</kw>
<kw name="Sleep" library="BuiltIn">
<arg>5</arg>
<doc>Pauses the test executed for the given time.</doc>
<msg timestamp="20220517 16:31:05.599" level="INFO">Slept 5 seconds</msg>
<status status="PASS" starttime="20220517 16:31:00.595" endtime="20220517 16:31:05.599"/>
</kw>
<kw name="Close Browser" library="SeleniumLibrary">
<doc>Closes the current browser.</doc>
<status status="PASS" starttime="20220517 16:31:05.599" endtime="20220517 16:31:07.710"/>
</kw>
<tag>ironman</tag>
<status status="PASS" starttime="20220517 16:30:56.921" endtime="20220517 16:31:07.710"/>
</test>
<status status="PASS" starttime="20220517 16:30:56.698" endtime="20220517 16:31:07.713"/>
</suite>
<statistics>
<total>
<stat pass="1" fail="0" skip="0">All Tests</stat>
</total>
<tag>
<stat pass="1" fail="0" skip="0">ironman</stat>
</tag>
<suite>
<stat pass="1" fail="0" skip="0" id="s1" name="Checkid">Checkid</stat>
</suite>
</statistics>
<errors>
</errors>
</robot>
