<?xml version="1.0" encoding="UTF-8"?>
<robot generator="Robot 5.0 (Python 3.10.4 on win32)" generated="20220523 17:45:19.201" rpa="false" schemaversion="3">
<suite id="s1" name="Checkid" source="C:\Users\eusou\qaninja\robot\webcheckbox\checkid.robot">
<test id="s1-t1" name="Testing multi-checkbox" line="16">
<kw name="New Session" type="SETUP">
<msg timestamp="20220523 17:45:19.231" level="FAIL">No keyword with name 'New Session' found.</msg>
<status status="FAIL" starttime="20220523 17:45:19.231" endtime="20220523 17:45:19.231"/>
</kw>
<kw name="Close Session" type="TEARDOWN">
<msg timestamp="20220523 17:45:19.232" level="FAIL">No keyword with name 'Close Session' found.</msg>
<status status="FAIL" starttime="20220523 17:45:19.232" endtime="20220523 17:45:19.232">No keyword with name 'Close Session' found.</status>
</kw>
<status status="FAIL" starttime="20220523 17:45:19.230" endtime="20220523 17:45:19.232">Setup failed:
No keyword with name 'New Session' found.

Also teardown failed:
No keyword with name 'Close Session' found.</status>
</test>
<test id="s1-t2" name="Testing checkbox com CSS Selector" line="22">
<kw name="New Session" type="SETUP">
<msg timestamp="20220523 17:45:19.234" level="FAIL">No keyword with name 'New Session' found.</msg>
<status status="FAIL" starttime="20220523 17:45:19.234" endtime="20220523 17:45:19.234"/>
</kw>
<kw name="Close Session" type="TEARDOWN">
<msg timestamp="20220523 17:45:19.235" level="FAIL">No keyword with name 'Close Session' found.</msg>
<status status="FAIL" starttime="20220523 17:45:19.235" endtime="20220523 17:45:19.235">No keyword with name 'Close Session' found.</status>
</kw>
<status status="FAIL" starttime="20220523 17:45:19.233" endtime="20220523 17:45:19.235">Setup failed:
No keyword with name 'New Session' found.

Also teardown failed:
No keyword with name 'Close Session' found.</status>
</test>
<test id="s1-t3" name="Testing checkbox com Xpath e usando a tag para rodar apenas este cenarios" line="28">
<kw name="New Session" type="SETUP">
<msg timestamp="20220523 17:45:19.237" level="FAIL">No keyword with name 'New Session' found.</msg>
<status status="FAIL" starttime="20220523 17:45:19.237" endtime="20220523 17:45:19.237"/>
</kw>
<kw name="Close Session" type="TEARDOWN">
<msg timestamp="20220523 17:45:19.239" level="FAIL">No keyword with name 'Close Session' found.</msg>
<status status="FAIL" starttime="20220523 17:45:19.239" endtime="20220523 17:45:19.239">No keyword with name 'Close Session' found.</status>
</kw>
<tag>ironman</tag>
<status status="FAIL" starttime="20220523 17:45:19.236" endtime="20220523 17:45:19.239">Setup failed:
No keyword with name 'New Session' found.

Also teardown failed:
No keyword with name 'Close Session' found.</status>
</test>
<status status="FAIL" starttime="20220523 17:45:19.201" endtime="20220523 17:45:19.240"/>
</suite>
<statistics>
<total>
<stat pass="0" fail="3" skip="0">All Tests</stat>
</total>
<tag>
<stat pass="0" fail="1" skip="0">ironman</stat>
</tag>
<suite>
<stat pass="0" fail="3" skip="0" id="s1" name="Checkid">Checkid</stat>
</suite>
</statistics>
<errors>
<msg timestamp="20220523 17:45:19.217" level="ERROR">Error in file 'C:\Users\eusou\qaninja\robot\webcheckbox\checkid.robot' on line 2: Resource file 'base.robot' does not exist.</msg>
</errors>
</robot>
