<?xml version="1.0" encoding="UTF-8"?>
<robot generator="Robot 5.0 (Python 3.10.4 on win32)" generated="20220525 12:45:24.371" rpa="false" schemaversion="3">
<suite id="s1" name="Login" source="C:\Users\eusou\qaninja\robot\ganchos\login.robot">
<test id="s1-t1" name="open form login sussec" line="8">
<kw name="New Session" library="base" type="SETUP">
<kw name="Open Browser" library="SeleniumLibrary">
<arg>${url}</arg>
<arg>chrome</arg>
<doc>Opens a new browser instance to the optional ``url``.</doc>
<msg timestamp="20220525 12:45:24.566" level="INFO">Opening browser 'chrome' to base url 'https://training-wheels-protocol.herokuapp.com'.</msg>
<status status="PASS" starttime="20220525 12:45:24.565" endtime="20220525 12:45:28.677"/>
</kw>
<status status="PASS" starttime="20220525 12:45:24.565" endtime="20220525 12:45:28.678"/>
</kw>
<kw name="Go To" library="SeleniumLibrary">
<arg>${url}/login</arg>
<doc>Navigates the current browser window to the provided ``url``.</doc>
<msg timestamp="20220525 12:45:28.678" level="INFO">Opening url 'https://training-wheels-protocol.herokuapp.com/login'</msg>
<status status="PASS" starttime="20220525 12:45:28.678" endtime="20220525 12:45:29.200"/>
</kw>
<kw name="Input Text" library="SeleniumLibrary">
<arg>css:input#userId</arg>
<arg>stark</arg>
<doc>Types the given ``text`` into the text field identified by ``locator``.</doc>
<msg timestamp="20220525 12:45:29.202" level="INFO">Typing text 'stark' into text field 'css:input#userId'.</msg>
<status status="PASS" starttime="20220525 12:45:29.201" endtime="20220525 12:45:29.249"/>
</kw>
<kw name="Input Text" library="SeleniumLibrary">
<arg>css:input#passId</arg>
<arg>jarvis!</arg>
<doc>Types the given ``text`` into the text field identified by ``locator``.</doc>
<msg timestamp="20220525 12:45:29.250" level="INFO">Typing text 'jarvis!' into text field 'css:input#passId'.</msg>
<status status="PASS" starttime="20220525 12:45:29.250" endtime="20220525 12:45:29.299"/>
</kw>
<kw name="Click Element" library="SeleniumLibrary">
<arg>class:btn-login</arg>
<doc>Click the element identified by ``locator``.</doc>
<msg timestamp="20220525 12:45:29.300" level="INFO">Clicking element 'class:btn-login'.</msg>
<status status="PASS" starttime="20220525 12:45:29.300" endtime="20220525 12:45:29.633"/>
</kw>
<kw name="Page Should Contain" library="SeleniumLibrary">
<arg>Olá, Tony Stark. Você acessou a área logada!</arg>
<doc>Verifies that current page contains ``text``.</doc>
<msg timestamp="20220525 12:45:29.643" level="INFO">Current page contains text 'Olá, Tony Stark. Você acessou a área logada!'.</msg>
<status status="PASS" starttime="20220525 12:45:29.633" endtime="20220525 12:45:29.643"/>
</kw>
<kw name="Close Session" library="base" type="TEARDOWN">
<kw name="Capture Page Screenshot" library="SeleniumLibrary">
<doc>Takes a screenshot of the current page and embeds it into a log file.</doc>
<msg timestamp="20220525 12:45:29.854" level="INFO" html="true">&lt;/td&gt;&lt;/tr&gt;&lt;tr&gt;&lt;td colspan="3"&gt;&lt;a href="selenium-screenshot-108.png"&gt;&lt;img src="selenium-screenshot-108.png" width="800px"&gt;&lt;/a&gt;</msg>
<status status="PASS" starttime="20220525 12:45:29.644" endtime="20220525 12:45:29.854"/>
</kw>
<kw name="Close Browser" library="SeleniumLibrary">
<doc>Closes the current browser.</doc>
<status status="PASS" starttime="20220525 12:45:29.854" endtime="20220525 12:45:31.990"/>
</kw>
<status status="PASS" starttime="20220525 12:45:29.644" endtime="20220525 12:45:31.990"/>
</kw>
<status status="PASS" starttime="20220525 12:45:24.564" endtime="20220525 12:45:31.991"/>
</test>
<status status="PASS" starttime="20220525 12:45:24.372" endtime="20220525 12:45:31.992"/>
</suite>
<statistics>
<total>
<stat pass="1" fail="0" skip="0">All Tests</stat>
</total>
<tag>
</tag>
<suite>
<stat pass="1" fail="0" skip="0" id="s1" name="Login">Login</stat>
</suite>
</statistics>
<errors>
</errors>
</robot>
