<?xml version="1.0" encoding="UTF-8"?>
<robot generator="Robot 5.0 (Python 3.10.4 on win32)" generated="20220525 13:42:00.021" rpa="false" schemaversion="3">
<suite id="s1" name="Login" source="C:\Users\eusou\qaninja\robot\ganchos\login.robot">
<test id="s1-t1" name="usuario nao cadastrado" line="34">
<kw name="New Session" library="base" type="SETUP">
<kw name="Open Browser" library="SeleniumLibrary">
<arg>${url}</arg>
<arg>chrome</arg>
<doc>Opens a new browser instance to the optional ``url``.</doc>
<msg timestamp="20220525 13:42:00.215" level="INFO">Opening browser 'chrome' to base url 'https://training-wheels-protocol.herokuapp.com'.</msg>
<status status="PASS" starttime="20220525 13:42:00.215" endtime="20220525 13:42:03.716"/>
</kw>
<status status="PASS" starttime="20220525 13:42:00.215" endtime="20220525 13:42:03.716"/>
</kw>
<kw name="Go To" library="SeleniumLibrary">
<arg>${url}/login</arg>
<doc>Navigates the current browser window to the provided ``url``.</doc>
<msg timestamp="20220525 13:42:03.717" level="INFO">Opening url 'https://training-wheels-protocol.herokuapp.com/login'</msg>
<status status="PASS" starttime="20220525 13:42:03.716" endtime="20220525 13:42:04.149"/>
</kw>
<kw name="Input Text" library="SeleniumLibrary">
<arg>css:input#userId</arg>
<arg>vania</arg>
<doc>Types the given ``text`` into the text field identified by ``locator``.</doc>
<msg timestamp="20220525 13:42:04.150" level="INFO">Typing text 'vania' into text field 'css:input#userId'.</msg>
<status status="PASS" starttime="20220525 13:42:04.150" endtime="20220525 13:42:04.204"/>
</kw>
<kw name="Input Text" library="SeleniumLibrary">
<arg>css:input#passId</arg>
<arg>12345t</arg>
<doc>Types the given ``text`` into the text field identified by ``locator``.</doc>
<msg timestamp="20220525 13:42:04.205" level="INFO">Typing text '12345t' into text field 'css:input#passId'.</msg>
<status status="PASS" starttime="20220525 13:42:04.205" endtime="20220525 13:42:04.253"/>
</kw>
<kw name="Click Element" library="SeleniumLibrary">
<arg>class:btn-login</arg>
<doc>Click the element identified by ``locator``.</doc>
<msg timestamp="20220525 13:42:04.253" level="INFO">Clicking element 'class:btn-login'.</msg>
<status status="PASS" starttime="20220525 13:42:04.253" endtime="20220525 13:42:04.583"/>
</kw>
<kw name="Get WebElement" library="SeleniumLibrary">
<var>${messagem}</var>
<arg>id:flash</arg>
<doc>Returns the first WebElement matching the given ``locator``.</doc>
<msg timestamp="20220525 13:42:04.591" level="INFO">${messagem} = &lt;selenium.webdriver.remote.webelement.WebElement (session="96686faadac22e3698facc3f8078442e", element="39f5f15b-b816-4aed-83ac-93e91c0af5ea")&gt;</msg>
<status status="PASS" starttime="20220525 13:42:04.583" endtime="20220525 13:42:04.591"/>
</kw>
<kw name="Should Contain" library="BuiltIn">
<arg>${messagem.text}</arg>
<arg>O usuário informado não está cadastrado!</arg>
<doc>Fails if ``container`` does not contain ``item`` one or more times.</doc>
<status status="PASS" starttime="20220525 13:42:04.591" endtime="20220525 13:42:04.601"/>
</kw>
<kw name="Close Session" library="base" type="TEARDOWN">
<kw name="Capture Page Screenshot" library="SeleniumLibrary">
<doc>Takes a screenshot of the current page and embeds it into a log file.</doc>
<msg timestamp="20220525 13:42:04.756" level="INFO" html="true">&lt;/td&gt;&lt;/tr&gt;&lt;tr&gt;&lt;td colspan="3"&gt;&lt;a href="selenium-screenshot-119.png"&gt;&lt;img src="selenium-screenshot-119.png" width="800px"&gt;&lt;/a&gt;</msg>
<status status="PASS" starttime="20220525 13:42:04.602" endtime="20220525 13:42:04.756"/>
</kw>
<kw name="Close Browser" library="SeleniumLibrary">
<doc>Closes the current browser.</doc>
<status status="PASS" starttime="20220525 13:42:04.756" endtime="20220525 13:42:06.871"/>
</kw>
<status status="PASS" starttime="20220525 13:42:04.602" endtime="20220525 13:42:06.872"/>
</kw>
<tag>login_user404</tag>
<status status="PASS" starttime="20220525 13:42:00.214" endtime="20220525 13:42:06.872"/>
</test>
<status status="PASS" starttime="20220525 13:42:00.023" endtime="20220525 13:42:06.873"/>
</suite>
<statistics>
<total>
<stat pass="1" fail="0" skip="0">All Tests</stat>
</total>
<tag>
<stat pass="1" fail="0" skip="0">login_user404</stat>
</tag>
<suite>
<stat pass="1" fail="0" skip="0" id="s1" name="Login">Login</stat>
</suite>
</statistics>
<errors>
</errors>
</robot>
