<?xml version="1.0" encoding="UTF-8"?>
<robot generator="Robot 5.0 (Python 3.10.4 on win32)" generated="20220524 19:01:24.863" rpa="false" schemaversion="3">
<suite id="s1" name="Select" source="C:\Users\eusou\qaninja\robot\ganchos\select.robot">
<test id="s1-t1" name="selection option using selection of text from list atraves da classe" line="8">
<kw name="New Session" library="base" type="SETUP">
<kw name="Open Browser" library="SeleniumLibrary">
<arg>${url}</arg>
<arg>chrome</arg>
<doc>Opens a new browser instance to the optional ``url``.</doc>
<msg timestamp="20220524 19:01:25.058" level="INFO">Opening browser 'chrome' to base url 'https://training-wheels-protocol.herokuapp.com'.</msg>
<status status="PASS" starttime="20220524 19:01:25.057" endtime="20220524 19:01:29.131"/>
</kw>
<status status="PASS" starttime="20220524 19:01:25.057" endtime="20220524 19:01:29.131"/>
</kw>
<kw name="Go To" library="SeleniumLibrary">
<arg>${url}/dropdown</arg>
<doc>Navigates the current browser window to the provided ``url``.</doc>
<msg timestamp="20220524 19:01:29.132" level="INFO">Opening url 'https://training-wheels-protocol.herokuapp.com/dropdown'</msg>
<status status="PASS" starttime="20220524 19:01:29.131" endtime="20220524 19:01:29.333"/>
</kw>
<kw name="Select From List By Label" library="SeleniumLibrary">
<arg>class:avenger-list</arg>
<arg>Scott Lang</arg>
<doc>Selects options from selection list ``locator`` by ``labels``.</doc>
<msg timestamp="20220524 19:01:29.334" level="INFO">Selecting options from selection list 'class:avenger-list' by label Scott Lang.</msg>
<status status="PASS" starttime="20220524 19:01:29.333" endtime="20220524 19:01:29.379"/>
</kw>
<kw name="Sleep" library="BuiltIn">
<arg>5s</arg>
<doc>Pauses the test executed for the given time.</doc>
<msg timestamp="20220524 19:01:34.393" level="INFO">Slept 5 seconds</msg>
<status status="PASS" starttime="20220524 19:01:29.380" endtime="20220524 19:01:34.393"/>
</kw>
<kw name="Close Session" library="base" type="TEARDOWN">
<kw name="Capture Page Screenshot" library="SeleniumLibrary">
<doc>Takes a screenshot of the current page and embeds it into a log file.</doc>
<msg timestamp="20220524 19:01:34.523" level="INFO" html="true">&lt;/td&gt;&lt;/tr&gt;&lt;tr&gt;&lt;td colspan="3"&gt;&lt;a href="selenium-screenshot-14.png"&gt;&lt;img src="selenium-screenshot-14.png" width="800px"&gt;&lt;/a&gt;</msg>
<status status="PASS" starttime="20220524 19:01:34.394" endtime="20220524 19:01:34.523"/>
</kw>
<kw name="Close Browser" library="SeleniumLibrary">
<doc>Closes the current browser.</doc>
<status status="PASS" starttime="20220524 19:01:34.524" endtime="20220524 19:01:36.638"/>
</kw>
<status status="PASS" starttime="20220524 19:01:34.394" endtime="20220524 19:01:36.639"/>
</kw>
<status status="PASS" starttime="20220524 19:01:25.057" endtime="20220524 19:01:36.640"/>
</test>
<test id="s1-t2" name="Selection option using value from list atraves do id" line="13">
<kw name="New Session" library="base" type="SETUP">
<kw name="Open Browser" library="SeleniumLibrary">
<arg>${url}</arg>
<arg>chrome</arg>
<doc>Opens a new browser instance to the optional ``url``.</doc>
<msg timestamp="20220524 19:01:36.642" level="INFO">Opening browser 'chrome' to base url 'https://training-wheels-protocol.herokuapp.com'.</msg>
<status status="PASS" starttime="20220524 19:01:36.641" endtime="20220524 19:01:41.248"/>
</kw>
<status status="PASS" starttime="20220524 19:01:36.641" endtime="20220524 19:01:41.248"/>
</kw>
<kw name="Go To" library="SeleniumLibrary">
<arg>${url}/dropdown</arg>
<doc>Navigates the current browser window to the provided ``url``.</doc>
<msg timestamp="20220524 19:01:41.249" level="INFO">Opening url 'https://training-wheels-protocol.herokuapp.com/dropdown'</msg>
<status status="PASS" starttime="20220524 19:01:41.249" endtime="20220524 19:01:41.463"/>
</kw>
<kw name="Select From List By Value" library="SeleniumLibrary">
<arg>id:dropdown</arg>
<arg>6</arg>
<doc>Selects options from selection list ``locator`` by ``values``.</doc>
<msg timestamp="20220524 19:01:41.464" level="INFO">Selecting options from selection list 'id:dropdown' by value 6.</msg>
<status status="PASS" starttime="20220524 19:01:41.464" endtime="20220524 19:01:41.507"/>
</kw>
<kw name="Sleep" library="BuiltIn">
<arg>5s</arg>
<doc>Pauses the test executed for the given time.</doc>
<msg timestamp="20220524 19:01:46.517" level="INFO">Slept 5 seconds</msg>
<status status="PASS" starttime="20220524 19:01:41.507" endtime="20220524 19:01:46.517"/>
</kw>
<kw name="Close Session" library="base" type="TEARDOWN">
<kw name="Capture Page Screenshot" library="SeleniumLibrary">
<doc>Takes a screenshot of the current page and embeds it into a log file.</doc>
<msg timestamp="20220524 19:01:46.647" level="INFO" html="true">&lt;/td&gt;&lt;/tr&gt;&lt;tr&gt;&lt;td colspan="3"&gt;&lt;a href="selenium-screenshot-15.png"&gt;&lt;img src="selenium-screenshot-15.png" width="800px"&gt;&lt;/a&gt;</msg>
<status status="PASS" starttime="20220524 19:01:46.518" endtime="20220524 19:01:46.647"/>
</kw>
<kw name="Close Browser" library="SeleniumLibrary">
<doc>Closes the current browser.</doc>
<status status="PASS" starttime="20220524 19:01:46.648" endtime="20220524 19:01:48.782"/>
</kw>
<status status="PASS" starttime="20220524 19:01:46.518" endtime="20220524 19:01:48.782"/>
</kw>
<status status="PASS" starttime="20220524 19:01:36.641" endtime="20220524 19:01:48.783"/>
</test>
<status status="PASS" starttime="20220524 19:01:24.864" endtime="20220524 19:01:48.784"/>
</suite>
<statistics>
<total>
<stat pass="2" fail="0" skip="0">All Tests</stat>
</total>
<tag>
</tag>
<suite>
<stat pass="2" fail="0" skip="0" id="s1" name="Select">Select</stat>
</suite>
</statistics>
<errors>
</errors>
</robot>
