<?xml version="1.0" encoding="UTF-8"?>
<robot generator="Robot 5.0 (Python 3.10.4 on win32)" generated="20220517 17:34:06.160" rpa="false" schemaversion="3">
<suite id="s1" name="Ganchos" source="C:\Users\eusou\qaninja\robot\ganchos\ganchos.robot">
<test id="s1-t1" name="Validade option checkbox" line="9">
<kw name="New Session" type="SETUP">
<kw name="Open Browser" library="SeleniumLibrary">
<arg>https://training-wheels-protocol.herokuapp.com/checkboxes</arg>
<arg>chrome</arg>
<doc>Opens a new browser instance to the optional ``url``.</doc>
<msg timestamp="20220517 17:34:06.395" level="INFO">Opening browser 'chrome' to base url 'https://training-wheels-protocol.herokuapp.com/checkboxes'.</msg>
<status status="PASS" starttime="20220517 17:34:06.395" endtime="20220517 17:34:12.354"/>
</kw>
<status status="PASS" starttime="20220517 17:34:06.395" endtime="20220517 17:34:12.354"/>
</kw>
<kw name="Select Checkbox" library="SeleniumLibrary">
<arg>id:thor</arg>
<doc>Selects the checkbox identified by ``locator``.</doc>
<msg timestamp="20220517 17:34:12.355" level="INFO">Selecting checkbox 'id:thor'.</msg>
<status status="PASS" starttime="20220517 17:34:12.354" endtime="20220517 17:34:12.403"/>
</kw>
<kw name="Checkbox Should Be Selected" library="SeleniumLibrary">
<arg>id:thor</arg>
<doc>Verifies checkbox ``locator`` is selected/checked.</doc>
<msg timestamp="20220517 17:34:12.403" level="INFO">Verifying checkbox 'id:thor' is selected.</msg>
<status status="PASS" starttime="20220517 17:34:12.403" endtime="20220517 17:34:12.420"/>
</kw>
<kw name="Sleep" library="BuiltIn">
<arg>5</arg>
<doc>Pauses the test executed for the given time.</doc>
<msg timestamp="20220517 17:34:17.423" level="INFO">Slept 5 seconds</msg>
<status status="PASS" starttime="20220517 17:34:12.420" endtime="20220517 17:34:17.423"/>
</kw>
<kw name="Close Session" type="TEARDOWN">
<kw name="Close Browser" library="SeleniumLibrary">
<doc>Closes the current browser.</doc>
<status status="PASS" starttime="20220517 17:34:17.424" endtime="20220517 17:34:19.564"/>
</kw>
<status status="PASS" starttime="20220517 17:34:17.424" endtime="20220517 17:34:19.564"/>
</kw>
<status status="PASS" starttime="20220517 17:34:06.394" endtime="20220517 17:34:19.565"/>
</test>
<test id="s1-t2" name="Validade CSS" line="15">
<kw name="New Session" type="SETUP">
<kw name="Open Browser" library="SeleniumLibrary">
<arg>https://training-wheels-protocol.herokuapp.com/checkboxes</arg>
<arg>chrome</arg>
<doc>Opens a new browser instance to the optional ``url``.</doc>
<msg timestamp="20220517 17:34:19.567" level="INFO">Opening browser 'chrome' to base url 'https://training-wheels-protocol.herokuapp.com/checkboxes'.</msg>
<status status="PASS" starttime="20220517 17:34:19.567" endtime="20220517 17:34:24.438"/>
</kw>
<status status="PASS" starttime="20220517 17:34:19.566" endtime="20220517 17:34:24.438"/>
</kw>
<kw name="Select Checkbox" library="SeleniumLibrary">
<arg>css: #checkboxes &gt; input[type=checkbox]:nth-child(3)</arg>
<doc>Selects the checkbox identified by ``locator``.</doc>
<msg timestamp="20220517 17:34:24.439" level="INFO">Selecting checkbox 'css: #checkboxes &gt; input[type=checkbox]:nth-child(3)'.</msg>
<status status="PASS" starttime="20220517 17:34:24.438" endtime="20220517 17:34:24.490"/>
</kw>
<kw name="Checkbox Should Be Selected" library="SeleniumLibrary">
<arg>css: #checkboxes &gt; input[type=checkbox]:nth-child(3)</arg>
<doc>Verifies checkbox ``locator`` is selected/checked.</doc>
<msg timestamp="20220517 17:34:24.491" level="INFO">Verifying checkbox 'css: #checkboxes &gt; input[type=checkbox]:nth-child(3)' is selected.</msg>
<status status="PASS" starttime="20220517 17:34:24.491" endtime="20220517 17:34:24.507"/>
</kw>
<kw name="Sleep" library="BuiltIn">
<arg>5</arg>
<doc>Pauses the test executed for the given time.</doc>
<msg timestamp="20220517 17:34:29.516" level="INFO">Slept 5 seconds</msg>
<status status="PASS" starttime="20220517 17:34:24.508" endtime="20220517 17:34:29.516"/>
</kw>
<kw name="Close Session" type="TEARDOWN">
<kw name="Close Browser" library="SeleniumLibrary">
<doc>Closes the current browser.</doc>
<status status="PASS" starttime="20220517 17:34:29.517" endtime="20220517 17:34:31.619"/>
</kw>
<status status="PASS" starttime="20220517 17:34:29.517" endtime="20220517 17:34:31.620"/>
</kw>
<status status="PASS" starttime="20220517 17:34:19.566" endtime="20220517 17:34:31.620"/>
</test>
<test id="s1-t3" name="Validade xpath" line="21">
<kw name="New Session" type="SETUP">
<kw name="Open Browser" library="SeleniumLibrary">
<arg>https://training-wheels-protocol.herokuapp.com/checkboxes</arg>
<arg>chrome</arg>
<doc>Opens a new browser instance to the optional ``url``.</doc>
<msg timestamp="20220517 17:34:31.622" level="INFO">Opening browser 'chrome' to base url 'https://training-wheels-protocol.herokuapp.com/checkboxes'.</msg>
<status status="PASS" starttime="20220517 17:34:31.622" endtime="20220517 17:34:37.502"/>
</kw>
<status status="PASS" starttime="20220517 17:34:31.621" endtime="20220517 17:34:37.502"/>
</kw>
<kw name="Select Checkbox" library="SeleniumLibrary">
<arg>xpath://*[@id='checkboxes']/input[7]</arg>
<doc>Selects the checkbox identified by ``locator``.</doc>
<msg timestamp="20220517 17:34:37.503" level="INFO">Selecting checkbox 'xpath://*[@id='checkboxes']/input[7]'.</msg>
<status status="PASS" starttime="20220517 17:34:37.502" endtime="20220517 17:34:37.551"/>
</kw>
<kw name="Checkbox Should Be Selected" library="SeleniumLibrary">
<arg>xpath://*[@id='checkboxes']/input[7]</arg>
<doc>Verifies checkbox ``locator`` is selected/checked.</doc>
<msg timestamp="20220517 17:34:37.552" level="INFO">Verifying checkbox 'xpath://*[@id='checkboxes']/input[7]' is selected.</msg>
<status status="PASS" starttime="20220517 17:34:37.551" endtime="20220517 17:34:37.569"/>
</kw>
<kw name="Sleep" library="BuiltIn">
<arg>5</arg>
<doc>Pauses the test executed for the given time.</doc>
<msg timestamp="20220517 17:34:42.581" level="INFO">Slept 5 seconds</msg>
<status status="PASS" starttime="20220517 17:34:37.570" endtime="20220517 17:34:42.581"/>
</kw>
<kw name="Close Session" type="TEARDOWN">
<kw name="Close Browser" library="SeleniumLibrary">
<doc>Closes the current browser.</doc>
<status status="PASS" starttime="20220517 17:34:42.581" endtime="20220517 17:34:44.704"/>
</kw>
<status status="PASS" starttime="20220517 17:34:42.581" endtime="20220517 17:34:44.704"/>
</kw>
<status status="PASS" starttime="20220517 17:34:31.621" endtime="20220517 17:34:44.704"/>
</test>
<status status="PASS" starttime="20220517 17:34:06.162" endtime="20220517 17:34:44.707"/>
</suite>
<statistics>
<total>
<stat pass="3" fail="0" skip="0">All Tests</stat>
</total>
<tag>
</tag>
<suite>
<stat pass="3" fail="0" skip="0" id="s1" name="Ganchos">Ganchos</stat>
</suite>
</statistics>
<errors>
</errors>
</robot>
