<?xml version="1.0" encoding="UTF-8"?>
<robot generator="Robot 5.0 (Python 3.10.4 on win32)" generated="20220524 20:10:01.428" rpa="false" schemaversion="3">
<suite id="s1" name="Tables" source="C:\Users\eusou\qaninja\robot\ganchos\tables.robot">
<test id="s1-t1" name="verifica o valor ao informar o numero da linha" line="8">
<kw name="New Session" library="base" type="SETUP">
<kw name="Open Browser" library="SeleniumLibrary">
<arg>${url}</arg>
<arg>chrome</arg>
<doc>Opens a new browser instance to the optional ``url``.</doc>
<msg timestamp="20220524 20:10:01.662" level="INFO">Opening browser 'chrome' to base url 'https://training-wheels-protocol.herokuapp.com'.</msg>
<status status="PASS" starttime="20220524 20:10:01.662" endtime="20220524 20:10:06.366"/>
</kw>
<status status="PASS" starttime="20220524 20:10:01.662" endtime="20220524 20:10:06.366"/>
</kw>
<kw name="Go To" library="SeleniumLibrary">
<arg>${url}/tables</arg>
<doc>Navigates the current browser window to the provided ``url``.</doc>
<msg timestamp="20220524 20:10:06.367" level="INFO">Opening url 'https://training-wheels-protocol.herokuapp.com/tables'</msg>
<status status="PASS" starttime="20220524 20:10:06.366" endtime="20220524 20:10:06.766"/>
</kw>
<kw name="Table Row Should Contain" library="SeleniumLibrary">
<arg>id:actors</arg>
<arg>1</arg>
<arg>$ 10.000.000</arg>
<doc>Verifies that table row contains text ``expected``.</doc>
<status status="PASS" starttime="20220524 20:10:06.767" endtime="20220524 20:10:06.810"/>
</kw>
<kw name="Sleep" library="BuiltIn">
<arg>5</arg>
<doc>Pauses the test executed for the given time.</doc>
<msg timestamp="20220524 20:10:11.820" level="INFO">Slept 5 seconds</msg>
<status status="PASS" starttime="20220524 20:10:06.810" endtime="20220524 20:10:11.820"/>
</kw>
<kw name="Close Session" library="base" type="TEARDOWN">
<kw name="Capture Page Screenshot" library="SeleniumLibrary">
<doc>Takes a screenshot of the current page and embeds it into a log file.</doc>
<msg timestamp="20220524 20:10:11.951" level="INFO" html="true">&lt;/td&gt;&lt;/tr&gt;&lt;tr&gt;&lt;td colspan="3"&gt;&lt;a href="selenium-screenshot-51.png"&gt;&lt;img src="selenium-screenshot-51.png" width="800px"&gt;&lt;/a&gt;</msg>
<status status="PASS" starttime="20220524 20:10:11.821" endtime="20220524 20:10:11.951"/>
</kw>
<kw name="Close Browser" library="SeleniumLibrary">
<doc>Closes the current browser.</doc>
<status status="PASS" starttime="20220524 20:10:11.951" endtime="20220524 20:10:14.082"/>
</kw>
<status status="PASS" starttime="20220524 20:10:11.821" endtime="20220524 20:10:14.082"/>
</kw>
<status status="PASS" starttime="20220524 20:10:01.661" endtime="20220524 20:10:14.083"/>
</test>
<test id="s1-t2" name="verifica o valor ao informar o numero da linha com falha pois na linha 1 nao tem vindiesel, vindiesel esta na linha 2" line="13">
<kw name="New Session" library="base" type="SETUP">
<kw name="Open Browser" library="SeleniumLibrary">
<arg>${url}</arg>
<arg>chrome</arg>
<doc>Opens a new browser instance to the optional ``url``.</doc>
<msg timestamp="20220524 20:10:14.086" level="INFO">Opening browser 'chrome' to base url 'https://training-wheels-protocol.herokuapp.com'.</msg>
<status status="PASS" starttime="20220524 20:10:14.085" endtime="20220524 20:10:17.876"/>
</kw>
<status status="PASS" starttime="20220524 20:10:14.084" endtime="20220524 20:10:17.876"/>
</kw>
<kw name="Go To" library="SeleniumLibrary">
<arg>${url}/tables</arg>
<doc>Navigates the current browser window to the provided ``url``.</doc>
<msg timestamp="20220524 20:10:17.877" level="INFO">Opening url 'https://training-wheels-protocol.herokuapp.com/tables'</msg>
<status status="PASS" starttime="20220524 20:10:17.877" endtime="20220524 20:10:18.283"/>
</kw>
<kw name="Table Row Should Contain" library="SeleniumLibrary">
<arg>id:actors</arg>
<arg>1</arg>
<arg>@vindiesel</arg>
<doc>Verifies that table row contains text ``expected``.</doc>
<msg timestamp="20220524 20:10:18.468" level="INFO" html="true">&lt;/td&gt;&lt;/tr&gt;&lt;tr&gt;&lt;td colspan="3"&gt;&lt;a href="selenium-screenshot-52.png"&gt;&lt;img src="selenium-screenshot-52.png" width="800px"&gt;&lt;/a&gt;</msg>
<msg timestamp="20220524 20:10:18.469" level="FAIL">Table 'id:actors' row 1 did not contain text '@vindiesel'.</msg>
<status status="FAIL" starttime="20220524 20:10:18.284" endtime="20220524 20:10:18.474"/>
</kw>
<kw name="Sleep" library="BuiltIn">
<arg>5</arg>
<doc>Pauses the test executed for the given time.</doc>
<status status="NOT RUN" starttime="20220524 20:10:18.474" endtime="20220524 20:10:18.474"/>
</kw>
<kw name="Close Session" library="base" type="TEARDOWN">
<kw name="Capture Page Screenshot" library="SeleniumLibrary">
<doc>Takes a screenshot of the current page and embeds it into a log file.</doc>
<msg timestamp="20220524 20:10:18.599" level="INFO" html="true">&lt;/td&gt;&lt;/tr&gt;&lt;tr&gt;&lt;td colspan="3"&gt;&lt;a href="selenium-screenshot-53.png"&gt;&lt;img src="selenium-screenshot-53.png" width="800px"&gt;&lt;/a&gt;</msg>
<status status="PASS" starttime="20220524 20:10:18.475" endtime="20220524 20:10:18.599"/>
</kw>
<kw name="Close Browser" library="SeleniumLibrary">
<doc>Closes the current browser.</doc>
<status status="PASS" starttime="20220524 20:10:18.599" endtime="20220524 20:10:20.698"/>
</kw>
<status status="PASS" starttime="20220524 20:10:18.475" endtime="20220524 20:10:20.698"/>
</kw>
<status status="FAIL" starttime="20220524 20:10:14.084" endtime="20220524 20:10:20.699">Table 'id:actors' row 1 did not contain text '@vindiesel'.</status>
</test>
<test id="s1-t3" name="Descobre a linha pelo texto chave e valida os demais valores" line="18">
<kw name="New Session" library="base" type="SETUP">
<kw name="Open Browser" library="SeleniumLibrary">
<arg>${url}</arg>
<arg>chrome</arg>
<doc>Opens a new browser instance to the optional ``url``.</doc>
<msg timestamp="20220524 20:10:20.701" level="INFO">Opening browser 'chrome' to base url 'https://training-wheels-protocol.herokuapp.com'.</msg>
<status status="PASS" starttime="20220524 20:10:20.701" endtime="20220524 20:10:24.980"/>
</kw>
<status status="PASS" starttime="20220524 20:10:20.700" endtime="20220524 20:10:24.980"/>
</kw>
<kw name="Go To" library="SeleniumLibrary">
<arg>${url}/tables</arg>
<doc>Navigates the current browser window to the provided ``url``.</doc>
<msg timestamp="20220524 20:10:24.981" level="INFO">Opening url 'https://training-wheels-protocol.herokuapp.com/tables'</msg>
<status status="PASS" starttime="20220524 20:10:24.980" endtime="20220524 20:10:25.378"/>
</kw>
<kw name="Get WebElement" library="SeleniumLibrary">
<arg>//*[@id="actors"]/tbody/tr[1]/td[5]</arg>
<doc>Returns the first WebElement matching the given ``locator``.</doc>
<status status="PASS" starttime="20220524 20:10:25.378" endtime="20220524 20:10:25.386"/>
</kw>
<kw name="Sleep" library="BuiltIn">
<arg>5</arg>
<doc>Pauses the test executed for the given time.</doc>
<msg timestamp="20220524 20:10:30.394" level="INFO">Slept 5 seconds</msg>
<status status="PASS" starttime="20220524 20:10:25.386" endtime="20220524 20:10:30.394"/>
</kw>
<kw name="Close Session" library="base" type="TEARDOWN">
<kw name="Capture Page Screenshot" library="SeleniumLibrary">
<doc>Takes a screenshot of the current page and embeds it into a log file.</doc>
<msg timestamp="20220524 20:10:30.532" level="INFO" html="true">&lt;/td&gt;&lt;/tr&gt;&lt;tr&gt;&lt;td colspan="3"&gt;&lt;a href="selenium-screenshot-54.png"&gt;&lt;img src="selenium-screenshot-54.png" width="800px"&gt;&lt;/a&gt;</msg>
<status status="PASS" starttime="20220524 20:10:30.395" endtime="20220524 20:10:30.532"/>
</kw>
<kw name="Close Browser" library="SeleniumLibrary">
<doc>Closes the current browser.</doc>
<status status="PASS" starttime="20220524 20:10:30.532" endtime="20220524 20:10:32.653"/>
</kw>
<status status="PASS" starttime="20220524 20:10:30.395" endtime="20220524 20:10:32.653"/>
</kw>
<status status="PASS" starttime="20220524 20:10:20.700" endtime="20220524 20:10:32.654"/>
</test>
<status status="FAIL" starttime="20220524 20:10:01.430" endtime="20220524 20:10:32.655"/>
</suite>
<statistics>
<total>
<stat pass="2" fail="1" skip="0">All Tests</stat>
</total>
<tag>
</tag>
<suite>
<stat pass="2" fail="1" skip="0" id="s1" name="Tables">Tables</stat>
</suite>
</statistics>
<errors>
</errors>
</robot>
