<?xml version="1.0" encoding="UTF-8"?>
<robot generator="Robot 5.0 (Python 3.10.4 on win32)" generated="20220523 18:37:09.542" rpa="false" schemaversion="3">
<suite id="s1" name="Ganchos" source="C:\Users\eusou\qaninja\robot\ganchos\ganchos.robot">
<test id="s1-t1" name="Validade option checkbox" line="16">
<kw name="New Session" library="base" type="SETUP">
<kw name="Open Browser" library="SeleniumLibrary">
<arg>${url}/checkboxes</arg>
<arg>chrome</arg>
<doc>Opens a new browser instance to the optional ``url``.</doc>
<msg timestamp="20220523 18:37:09.782" level="INFO">Opening browser 'chrome' to base url 'https://training-wheels-protocol.herokuapp.com/checkboxes'.</msg>
<status status="PASS" starttime="20220523 18:37:09.782" endtime="20220523 18:37:13.969"/>
</kw>
<status status="PASS" starttime="20220523 18:37:09.781" endtime="20220523 18:37:13.969"/>
</kw>
<kw name="Select Checkbox" library="SeleniumLibrary">
<arg>${checkthor}</arg>
<doc>Selects the checkbox identified by ``locator``.</doc>
<msg timestamp="20220523 18:37:13.970" level="INFO">Selecting checkbox 'id:thor'.</msg>
<status status="PASS" starttime="20220523 18:37:13.970" endtime="20220523 18:37:14.029"/>
</kw>
<kw name="Checkbox Should Be Selected" library="SeleniumLibrary">
<arg>${checkthor}</arg>
<doc>Verifies checkbox ``locator`` is selected/checked.</doc>
<msg timestamp="20220523 18:37:14.029" level="INFO">Verifying checkbox 'id:thor' is selected.</msg>
<status status="PASS" starttime="20220523 18:37:14.029" endtime="20220523 18:37:14.046"/>
</kw>
<kw name="Sleep" library="BuiltIn">
<arg>5</arg>
<doc>Pauses the test executed for the given time.</doc>
<msg timestamp="20220523 18:37:19.055" level="INFO">Slept 5 seconds</msg>
<status status="PASS" starttime="20220523 18:37:14.046" endtime="20220523 18:37:19.055"/>
</kw>
<kw name="Close Session" library="base" type="TEARDOWN">
<kw name="Close Browser" library="SeleniumLibrary">
<doc>Closes the current browser.</doc>
<status status="PASS" starttime="20220523 18:37:19.057" endtime="20220523 18:37:21.183"/>
</kw>
<status status="PASS" starttime="20220523 18:37:19.056" endtime="20220523 18:37:21.184"/>
</kw>
<status status="PASS" starttime="20220523 18:37:09.781" endtime="20220523 18:37:21.184"/>
</test>
<test id="s1-t2" name="Validade CSS" line="22">
<kw name="New Session" library="base" type="SETUP">
<kw name="Open Browser" library="SeleniumLibrary">
<arg>${url}/checkboxes</arg>
<arg>chrome</arg>
<doc>Opens a new browser instance to the optional ``url``.</doc>
<msg timestamp="20220523 18:37:21.186" level="INFO">Opening browser 'chrome' to base url 'https://training-wheels-protocol.herokuapp.com/checkboxes'.</msg>
<status status="PASS" starttime="20220523 18:37:21.186" endtime="20220523 18:37:24.989"/>
</kw>
<status status="PASS" starttime="20220523 18:37:21.185" endtime="20220523 18:37:24.989"/>
</kw>
<kw name="Select Checkbox" library="SeleniumLibrary">
<arg>${checkironman}</arg>
<doc>Selects the checkbox identified by ``locator``.</doc>
<msg timestamp="20220523 18:37:24.990" level="INFO">Selecting checkbox 'css: #checkboxes &gt; input[type=checkbox]:nth-child(3)'.</msg>
<status status="PASS" starttime="20220523 18:37:24.989" endtime="20220523 18:37:25.044"/>
</kw>
<kw name="Checkbox Should Be Selected" library="SeleniumLibrary">
<arg>${checkironman}</arg>
<doc>Verifies checkbox ``locator`` is selected/checked.</doc>
<msg timestamp="20220523 18:37:25.044" level="INFO">Verifying checkbox 'css: #checkboxes &gt; input[type=checkbox]:nth-child(3)' is selected.</msg>
<status status="PASS" starttime="20220523 18:37:25.044" endtime="20220523 18:37:25.061"/>
</kw>
<kw name="Sleep" library="BuiltIn">
<arg>5</arg>
<doc>Pauses the test executed for the given time.</doc>
<msg timestamp="20220523 18:37:30.076" level="INFO">Slept 5 seconds</msg>
<status status="PASS" starttime="20220523 18:37:25.062" endtime="20220523 18:37:30.076"/>
</kw>
<kw name="Close Session" library="base" type="TEARDOWN">
<kw name="Close Browser" library="SeleniumLibrary">
<doc>Closes the current browser.</doc>
<status status="PASS" starttime="20220523 18:37:30.076" endtime="20220523 18:37:32.213"/>
</kw>
<status status="PASS" starttime="20220523 18:37:30.076" endtime="20220523 18:37:32.213"/>
</kw>
<status status="PASS" starttime="20220523 18:37:21.185" endtime="20220523 18:37:32.213"/>
</test>
<test id="s1-t3" name="Validade xpath" line="28">
<kw name="New Session" library="base" type="SETUP">
<kw name="Open Browser" library="SeleniumLibrary">
<arg>${url}/checkboxes</arg>
<arg>chrome</arg>
<doc>Opens a new browser instance to the optional ``url``.</doc>
<msg timestamp="20220523 18:37:32.216" level="INFO">Opening browser 'chrome' to base url 'https://training-wheels-protocol.herokuapp.com/checkboxes'.</msg>
<status status="PASS" starttime="20220523 18:37:32.215" endtime="20220523 18:37:36.150"/>
</kw>
<status status="PASS" starttime="20220523 18:37:32.215" endtime="20220523 18:37:36.150"/>
</kw>
<kw name="Select Checkbox" library="SeleniumLibrary">
<arg>${checkblackpanter}</arg>
<doc>Selects the checkbox identified by ``locator``.</doc>
<msg timestamp="20220523 18:37:36.151" level="INFO">Selecting checkbox 'xpath://*[@id='checkboxes']/input[7]'.</msg>
<status status="PASS" starttime="20220523 18:37:36.151" endtime="20220523 18:37:36.205"/>
</kw>
<kw name="Checkbox Should Be Selected" library="SeleniumLibrary">
<arg>${checkblackpanter}</arg>
<doc>Verifies checkbox ``locator`` is selected/checked.</doc>
<msg timestamp="20220523 18:37:36.206" level="INFO">Verifying checkbox 'xpath://*[@id='checkboxes']/input[7]' is selected.</msg>
<status status="PASS" starttime="20220523 18:37:36.205" endtime="20220523 18:37:36.222"/>
</kw>
<kw name="Sleep" library="BuiltIn">
<arg>5</arg>
<doc>Pauses the test executed for the given time.</doc>
<msg timestamp="20220523 18:37:41.231" level="INFO">Slept 5 seconds</msg>
<status status="PASS" starttime="20220523 18:37:36.222" endtime="20220523 18:37:41.231"/>
</kw>
<kw name="Close Session" library="base" type="TEARDOWN">
<kw name="Close Browser" library="SeleniumLibrary">
<doc>Closes the current browser.</doc>
<status status="PASS" starttime="20220523 18:37:41.231" endtime="20220523 18:37:43.374"/>
</kw>
<status status="PASS" starttime="20220523 18:37:41.231" endtime="20220523 18:37:43.374"/>
</kw>
<status status="PASS" starttime="20220523 18:37:32.215" endtime="20220523 18:37:43.374"/>
</test>
<status status="PASS" starttime="20220523 18:37:09.544" endtime="20220523 18:37:43.378"/>
</suite>
<statistics>
<total>
<stat pass="3" fail="0" skip="0">All Tests</stat>
</total>
<tag>
</tag>
<suite>
<stat pass="3" fail="0" skip="0" id="s1" name="Ganchos">Ganchos</stat>
</suite>
</statistics>
<errors>
</errors>
</robot>
